Determining if the pthread_create exist failed with the following output:
Change Dir: /home/max/src/cpp/cryptocurrency_strategy/cmake-build-debug/CMakeFiles/CMakeTmp

Run Build Command:"/usr/bin/make" "cmTC_43612/fast"
/usr/bin/make -f CMakeFiles/cmTC_43612.dir/build.make CMakeFiles/cmTC_43612.dir/build
make[1]: Entering directory '/mnt/sda3/src/cpp/cryptocurrency_strategy/cmake-build-debug/CMakeFiles/CMakeTmp'
Building C object CMakeFiles/cmTC_43612.dir/CheckSymbolExists.c.o
/usr/bin/cc    -o CMakeFiles/cmTC_43612.dir/CheckSymbolExists.c.o   -c /home/max/src/cpp/cryptocurrency_strategy/cmake-build-debug/CMakeFiles/CMakeTmp/CheckSymbolExists.c
Linking C executable cmTC_43612
/home/max/.local/share/JetBrains/Toolbox/apps/CLion/ch-0/173.4301.33/bin/cmake/bin/cmake -E cmake_link_script CMakeFiles/cmTC_43612.dir/link.txt --verbose=1
/usr/bin/cc      CMakeFiles/cmTC_43612.dir/CheckSymbolExists.c.o  -o cmTC_43612 
CMakeFiles/cmTC_43612.dir/CheckSymbolExists.c.o: In function `main':
CheckSymbolExists.c:(.text+0x16): undefined reference to `pthread_create'
collect2: error: ld returned 1 exit status
CMakeFiles/cmTC_43612.dir/build.make:97: recipe for target 'cmTC_43612' failed
make[1]: *** [cmTC_43612] Error 1
make[1]: Leaving directory '/mnt/sda3/src/cpp/cryptocurrency_strategy/cmake-build-debug/CMakeFiles/CMakeTmp'
Makefile:126: recipe for target 'cmTC_43612/fast' failed
make: *** [cmTC_43612/fast] Error 2

File /home/max/src/cpp/cryptocurrency_strategy/cmake-build-debug/CMakeFiles/CMakeTmp/CheckSymbolExists.c:
/* */
#include <pthread.h>

int main(int argc, char** argv)
{
  (void)argv;
#ifndef pthread_create
  return ((int*)(&pthread_create))[argc];
#else
  (void)argc;
  return 0;
#endif
}

Determining if the function pthread_create exists in the pthreads failed with the following output:
Change Dir: /home/max/src/cpp/cryptocurrency_strategy/cmake-build-debug/CMakeFiles/CMakeTmp

Run Build Command:"/usr/bin/make" "cmTC_90bfd/fast"
/usr/bin/make -f CMakeFiles/cmTC_90bfd.dir/build.make CMakeFiles/cmTC_90bfd.dir/build
make[1]: Entering directory '/mnt/sda3/src/cpp/cryptocurrency_strategy/cmake-build-debug/CMakeFiles/CMakeTmp'
Building C object CMakeFiles/cmTC_90bfd.dir/CheckFunctionExists.c.o
/usr/bin/cc   -DCHECK_FUNCTION_EXISTS=pthread_create   -o CMakeFiles/cmTC_90bfd.dir/CheckFunctionExists.c.o   -c /home/max/.local/share/JetBrains/Toolbox/apps/CLion/ch-0/173.4301.33/bin/cmake/share/cmake-3.9/Modules/CheckFunctionExists.c
Linking C executable cmTC_90bfd
/home/max/.local/share/JetBrains/Toolbox/apps/CLion/ch-0/173.4301.33/bin/cmake/bin/cmake -E cmake_link_script CMakeFiles/cmTC_90bfd.dir/link.txt --verbose=1
/usr/bin/cc  -DCHECK_FUNCTION_EXISTS=pthread_create    CMakeFiles/cmTC_90bfd.dir/CheckFunctionExists.c.o  -o cmTC_90bfd -lpthreads 
/usr/bin/ld: cannot find -lpthreads
collect2: error: ld returned 1 exit status
CMakeFiles/cmTC_90bfd.dir/build.make:97: recipe for target 'cmTC_90bfd' failed
make[1]: *** [cmTC_90bfd] Error 1
make[1]: Leaving directory '/mnt/sda3/src/cpp/cryptocurrency_strategy/cmake-build-debug/CMakeFiles/CMakeTmp'
Makefile:126: recipe for target 'cmTC_90bfd/fast' failed
make: *** [cmTC_90bfd/fast] Error 2


